{"level":"error","error":"config validation failed","time":"2025-03-14T19:18:23+07:00","message":"[Env]"}
{"level":"debug","name":"HTTP_PORT","error":"http port is required","description":"","time":"2025-03-14T19:18:23+07:00","message":"[Env]"}
{"level":"debug","HTTP_PORT":"3000","LOG_DIRECTORY_PATH":"/home/ezra/Projects/Personal/recruitment-tests/amartha/loan-service/logs","time":"2025-03-14T19:18:41+07:00","message":"[Env] Setup Configuration Value"}
{"level":"info","time":"2025-03-14T19:18:41+07:00","message":"Initiate route."}
{"level":"info","time":"2025-03-14T19:18:41+07:00","message":"Running service on port 3000."}
{"level":"debug","HTTP_PORT":"3000","LOG_DIRECTORY_PATH":"/home/ezra/Projects/Personal/recruitment-tests/amartha/loan-service/logs","time":"2025-03-14T19:25:13+07:00","message":"[Env] Setup Configuration Value"}
{"level":"info","time":"2025-03-14T19:25:13+07:00","message":"Initiate route."}
{"level":"info","time":"2025-03-14T19:25:13+07:00","message":"Running service on port 3000."}
{"level":"debug","HTTP_PORT":"3000","LOG_DIRECTORY_PATH":"/home/ezra/Projects/Personal/recruitment-tests/amartha/loan-service/logs","time":"2025-03-14T19:25:41+07:00","message":"[Env] Setup Configuration Value"}
{"level":"info","time":"2025-03-14T19:25:41+07:00","message":"Initiate route."}
{"level":"info","time":"2025-03-14T19:25:41+07:00","message":"Running service on port 3000."}
{"level":"debug","HTTP_PORT":"3000","LOG_DIRECTORY_PATH":"/home/ezra/Projects/Personal/recruitment-tests/amartha/loan-service/logs","time":"2025-03-14T19:26:05+07:00","message":"[Env] Setup Configuration Value"}
{"level":"info","time":"2025-03-14T19:26:05+07:00","message":"Initiate route."}
{"level":"info","time":"2025-03-14T19:26:05+07:00","message":"Running service on port 3000."}
{"level":"debug","LOG_DIRECTORY_PATH":"/home/ezra/Projects/Personal/recruitment-tests/amartha/loan-service/logs","HTTP_PORT":"3000","time":"2025-03-14T19:34:40+07:00","message":"[Env] Setup Configuration Value"}
{"level":"info","time":"2025-03-14T19:34:40+07:00","message":"Initiate route."}
{"level":"info","time":"2025-03-14T19:34:40+07:00","message":"Running service on port 3000."}
{"level":"debug","HTTP_PORT":"3000","LOG_DIRECTORY_PATH":"/home/ezra/Projects/Personal/recruitment-tests/amartha/loan-service/logs","time":"2025-03-14T19:45:36+07:00","message":"[Env] Setup Configuration Value"}
{"level":"info","time":"2025-03-14T19:45:36+07:00","message":"Initiate route."}
{"level":"info","time":"2025-03-14T19:45:36+07:00","message":"Running service on port 3000."}
{"level":"debug","HTTP_PORT":"3000","LOG_DIRECTORY_PATH":"/home/ezra/Projects/Personal/recruitment-tests/amartha/loan-service/logs","time":"2025-03-14T19:46:52+07:00","message":"[Env] Setup Configuration Value"}
{"level":"info","time":"2025-03-14T19:46:52+07:00","message":"Initiate route."}
{"level":"info","time":"2025-03-14T19:46:52+07:00","message":"Running service on port 3000."}
{"level":"debug","HTTP_PORT":"3000","LOG_DIRECTORY_PATH":"/home/ezra/Projects/Personal/recruitment-tests/amartha/loan-service/logs","time":"2025-03-14T19:48:52+07:00","message":"[Env] Setup Configuration Value"}
{"level":"info","time":"2025-03-14T19:48:52+07:00","message":"Initiate route."}
{"level":"info","time":"2025-03-14T19:48:52+07:00","message":"Running service on port 3000."}
{"level":"debug","HTTP_PORT":"3000","LOG_DIRECTORY_PATH":"/home/ezra/Projects/Personal/recruitment-tests/amartha/loan-service/logs","time":"2025-03-14T19:49:04+07:00","message":"[Env] Setup Configuration Value"}
{"level":"info","time":"2025-03-14T19:49:04+07:00","message":"Initiate route."}
{"level":"info","time":"2025-03-14T19:49:04+07:00","message":"Running service on port 3000."}
{"level":"debug","HTTP_PORT":"3000","LOG_DIRECTORY_PATH":"/home/ezra/Projects/Personal/recruitment-tests/amartha/loan-service/logs","time":"2025-03-14T19:49:54+07:00","message":"[Env] Setup Configuration Value"}
{"level":"info","time":"2025-03-14T19:49:54+07:00","message":"Initiate route."}
{"level":"info","time":"2025-03-14T19:49:54+07:00","message":"Running service on port 3000."}
{"level":"debug","LOG_DIRECTORY_PATH":"/home/ezra/Projects/Personal/recruitment-tests/amartha/loan-service/logs","HTTP_PORT":"3000","time":"2025-03-14T19:51:25+07:00","message":"[Env] Setup Configuration Value"}
{"level":"info","time":"2025-03-14T19:51:25+07:00","message":"Initiate route."}
{"level":"info","time":"2025-03-14T19:51:25+07:00","message":"Running service on port 3000."}
{"level":"debug","HTTP_PORT":"3000","LOG_DIRECTORY_PATH":"/home/ezra/Projects/Personal/recruitment-tests/amartha/loan-service/logs","time":"2025-03-14T20:03:36+07:00","message":"[Env] Setup Configuration Value"}
{"level":"info","time":"2025-03-14T20:03:36+07:00","message":"Initiate route."}
{"level":"info","time":"2025-03-14T20:03:36+07:00","message":"Running service on port 3000."}
{"level":"debug","HTTP_PORT":"3000","LOG_DIRECTORY_PATH":"/home/ezra/Projects/Personal/recruitment-tests/amartha/loan-service/logs","time":"2025-03-14T20:10:30+07:00","message":"[Env] Setup Configuration Value"}
{"level":"info","time":"2025-03-14T20:10:30+07:00","message":"Initiate route."}
{"level":"info","time":"2025-03-14T20:10:30+07:00","message":"Running service on port 3000."}
{"level":"debug","HTTP_PORT":"3000","LOG_DIRECTORY_PATH":"/home/ezra/Projects/Personal/recruitment-tests/amartha/loan-service/logs","time":"2025-03-14T20:11:49+07:00","message":"[Env] Setup Configuration Value"}
{"level":"info","time":"2025-03-14T20:11:49+07:00","message":"Initiate route."}
{"level":"info","time":"2025-03-14T20:11:49+07:00","message":"Running service on port 3000."}
{"level":"debug","HTTP_PORT":"3000","LOG_DIRECTORY_PATH":"/home/ezra/Projects/Personal/recruitment-tests/amartha/loan-service/logs","time":"2025-03-14T20:12:42+07:00","message":"[Env] Setup Configuration Value"}
{"level":"info","time":"2025-03-14T20:12:42+07:00","message":"Initiate route."}
{"level":"info","time":"2025-03-14T20:12:42+07:00","message":"Running service on port 3000."}
{"level":"debug","HTTP_PORT":"3000","LOG_DIRECTORY_PATH":"/home/ezra/Projects/Personal/recruitment-tests/amartha/loan-service/logs","time":"2025-03-14T20:21:29+07:00","message":"[Env] Setup Configuration Value"}
{"level":"info","time":"2025-03-14T20:21:29+07:00","message":"Initiate route."}
{"level":"info","time":"2025-03-14T20:21:29+07:00","message":"Running service on port 3000."}
{"level":"debug","HTTP_PORT":"3000","LOG_DIRECTORY_PATH":"/home/ezra/Projects/Personal/recruitment-tests/amartha/loan-service/logs","time":"2025-03-14T20:22:24+07:00","message":"[Env] Setup Configuration Value"}
{"level":"info","time":"2025-03-14T20:22:24+07:00","message":"Initiate route."}
{"level":"info","time":"2025-03-14T20:22:24+07:00","message":"Running service on port 3000."}
{"level":"debug","HTTP_PORT":"3000","LOG_DIRECTORY_PATH":"/home/ezra/Projects/Personal/recruitment-tests/amartha/loan-service/logs","time":"2025-03-14T20:23:03+07:00","message":"[Env] Setup Configuration Value"}
{"level":"info","time":"2025-03-14T20:23:03+07:00","message":"Initiate route."}
{"level":"info","time":"2025-03-14T20:23:03+07:00","message":"Running service on port 3000."}
{"level":"debug","HTTP_PORT":"3000","LOG_DIRECTORY_PATH":"/home/ezra/Projects/Personal/recruitment-tests/amartha/loan-service/logs","time":"2025-03-14T20:23:28+07:00","message":"[Env] Setup Configuration Value"}
{"level":"info","time":"2025-03-14T20:23:28+07:00","message":"Initiate route."}
{"level":"info","time":"2025-03-14T20:23:28+07:00","message":"Running service on port 3000."}
{"level":"debug","HTTP_PORT":"3000","LOG_DIRECTORY_PATH":"/home/ezra/Projects/Personal/recruitment-tests/amartha/loan-service/logs","time":"2025-03-14T20:26:57+07:00","message":"[Env] Setup Configuration Value"}
{"level":"info","time":"2025-03-14T20:26:57+07:00","message":"Initiate route."}
{"level":"info","time":"2025-03-14T20:26:57+07:00","message":"Running service on port 3000."}
{"level":"debug","HTTP_PORT":"3000","LOG_DIRECTORY_PATH":"/home/ezra/Projects/Personal/recruitment-tests/amartha/loan-service/logs","time":"2025-03-14T20:32:54+07:00","message":"[Env] Setup Configuration Value"}
{"level":"info","time":"2025-03-14T20:32:54+07:00","message":"Initiate route."}
{"level":"info","time":"2025-03-14T20:32:54+07:00","message":"Running service on port 3000."}
